Simulation started.
Queue 1: []
Queue 2: []
Waiting clients: (1,11,2); (2,20,3); (3,20,3); (4,15,3); (5,10,2); 
Client 2 added to Queue
Queue 1: [com.example.pt2024_group5_moga_diana_assignment2.Client@5d0cd3ed]
Queue 1: [com.example.pt2024_group5_moga_diana_assignment2.Client@5d0cd3ed]
Queue 2: [com.example.pt2024_group5_moga_diana_assignment2.Client@16739369]
Waiting clients: (1,11,2); (2,20,3); (3,20,3); (4,15,3); (5,10,2); 
Queue 2: [com.example.pt2024_group5_moga_diana_assignment2.Client@16739369]
Waiting clients: (1,11,2); (2,20,3); (3,20,3); (4,15,3); (5,10,2); 
Client 3 added to Queue
Queue 1: [com.example.pt2024_group5_moga_diana_assignment2.Client@5d0cd3ed, com.example.pt2024_group5_moga_diana_assignment2.Client@18b46fd7]
Queue 2: [com.example.pt2024_group5_moga_diana_assignment2.Client@16739369]
Waiting clients: (1,11,2); (2,20,3); (3,20,3); (4,15,3); (5,10,2); 
Client 4 added to Queue
Client 5 added to Queue
Queue 1: [com.example.pt2024_group5_moga_diana_assignment2.Client@5d0cd3ed, com.example.pt2024_group5_moga_diana_assignment2.Client@18b46fd7, com.example.pt2024_group5_moga_diana_assignment2.Client@1c8bf819]
Queue 2: [com.example.pt2024_group5_moga_diana_assignment2.Client@16739369, com.example.pt2024_group5_moga_diana_assignment2.Client@598965ec]
Queue 1: [com.example.pt2024_group5_moga_diana_assignment2.Client@5d0cd3ed, com.example.pt2024_group5_moga_diana_assignment2.Client@18b46fd7, com.example.pt2024_group5_moga_diana_assignment2.Client@1c8bf819]
Waiting clients: (1,11,2); (2,20,3); (3,20,3); (4,15,3); (5,10,2); 
Queue 2: [com.example.pt2024_group5_moga_diana_assignment2.Client@16739369, com.example.pt2024_group5_moga_diana_assignment2.Client@598965ec]
Waiting clients: (1,11,2); (2,20,3); (3,20,3); (4,15,3); (5,10,2); 
